c:\users\david_000\downloads\gea_rocket-master\gea_rocket-master\teamrocketgame\debug\128x128.dds
c:\programdata\nvidia corporation\drs\nvapptimestamps
c:\users\david_000\downloads\gea_rocket-master\gea_rocket-master\teamrocketgame\debug\white.dds
c:\users\david_000\downloads\gea_rocket-master\gea_rocket-master\teamrocketgame\debug\grass.dds
c:\users\david_000\downloads\gea_rocket-master\gea_rocket-master\teamrocketgame\debug\logo.dds
c:\users\david_000\downloads\gea_rocket-master\gea_rocket-master\teamrocketgame\debug\treasure_chest.cmo
c:\users\david_000\downloads\gea_rocket-master\gea_rocket-master\teamrocketgame\debug\_program files (x86)_microsoft visual studio 12.0_common7_ide_extensions_microsoft_vsgraphics_assets_effects_phong.dgsl.cso
c:\users\david_000\downloads\gea_rocket-master\gea_rocket-master\teamrocketgame\assets\table.fbm\jalka.png
c:\users\david_000\downloads\gea_rocket-master\gea_rocket-master\teamrocketgame\assets\table.fbm\poytalevy.png
c:\users\david_000\downloads\gea_rocket-master\gea_rocket-master\teamrocketgame\debug\table.cmo
c:\users\david_000\downloads\gea_rocket-master\gea_rocket-master\teamrocketgame\debug\_users_david__000_downloads_gea__rocket-master_gea__rocket-master_teamrocketgame_assets_table.fbm_jalka.png.dds
c:\users\david_000\downloads\gea_rocket-master\gea_rocket-master\teamrocketgame\debug\_users_david__000_downloads_gea__rocket-master_gea__rocket-master_teamrocketgame_assets_table.fbm_poytalevy.png.dds
c:\users\david_000\downloads\gea_rocket-master\gea_rocket-master\teamrocketgame\assets\debug\assets.tlog\imagecontenttask-vsgraphics.1116.read.1.tlog
c:\users\david_000\downloads\gea_rocket-master\gea_rocket-master\teamrocketgame\assets\debug\assets.tlog\imagecontenttask-vsgraphics.1116.read.2.tlog
c:\users\david_000\downloads\gea_rocket-master\gea_rocket-master\teamrocketgame\assets\debug\assets.tlog\imagecontenttask-vsgraphics.1116.write.1.tlog
c:\users\david_000\downloads\gea_rocket-master\gea_rocket-master\teamrocketgame\assets\debug\assets.tlog\imagecontenttask-vsgraphics.1116.write.2.tlog
c:\users\david_000\downloads\gea_rocket-master\gea_rocket-master\teamrocketgame\assets\debug\assets.tlog\imagecontenttask-vsgraphics.5328.read.1.tlog
c:\users\david_000\downloads\gea_rocket-master\gea_rocket-master\teamrocketgame\assets\debug\assets.tlog\imagecontenttask-vsgraphics.5328.read.2.tlog
c:\users\david_000\downloads\gea_rocket-master\gea_rocket-master\teamrocketgame\assets\debug\assets.tlog\imagecontenttask-vsgraphics.5328.write.1.tlog
c:\users\david_000\downloads\gea_rocket-master\gea_rocket-master\teamrocketgame\assets\debug\assets.tlog\imagecontenttask-vsgraphics.5328.write.2.tlog
c:\users\david_000\downloads\gea_rocket-master\gea_rocket-master\teamrocketgame\assets\debug\assets.tlog\imagecontenttask-vsgraphics.6240.read.1.tlog
c:\users\david_000\downloads\gea_rocket-master\gea_rocket-master\teamrocketgame\assets\debug\assets.tlog\imagecontenttask-vsgraphics.6240.read.2.tlog
c:\users\david_000\downloads\gea_rocket-master\gea_rocket-master\teamrocketgame\assets\debug\assets.tlog\imagecontenttask-vsgraphics.6240.write.1.tlog
c:\users\david_000\downloads\gea_rocket-master\gea_rocket-master\teamrocketgame\assets\debug\assets.tlog\imagecontenttask-vsgraphics.6240.write.2.tlog
c:\users\david_000\downloads\gea_rocket-master\gea_rocket-master\teamrocketgame\assets\debug\assets.tlog\imagecontenttask-vsgraphics.read.1.tlog
c:\users\david_000\downloads\gea_rocket-master\gea_rocket-master\teamrocketgame\assets\debug\assets.tlog\imagecontenttask-vsgraphics.read.2.tlog
c:\users\david_000\downloads\gea_rocket-master\gea_rocket-master\teamrocketgame\assets\debug\assets.tlog\imagecontenttask-vsgraphics.write.1.tlog
c:\users\david_000\downloads\gea_rocket-master\gea_rocket-master\teamrocketgame\assets\debug\assets.tlog\imagecontenttask-vsgraphics.write.2.tlog
c:\users\david_000\downloads\gea_rocket-master\gea_rocket-master\teamrocketgame\assets\debug\assets.tlog\meshcontenttask-vsgraphics.948.read.1.tlog
c:\users\david_000\downloads\gea_rocket-master\gea_rocket-master\teamrocketgame\assets\debug\assets.tlog\meshcontenttask-vsgraphics.948.read.2.tlog
c:\users\david_000\downloads\gea_rocket-master\gea_rocket-master\teamrocketgame\assets\debug\assets.tlog\meshcontenttask-vsgraphics.948.write.1.tlog
c:\users\david_000\downloads\gea_rocket-master\gea_rocket-master\teamrocketgame\assets\debug\assets.tlog\meshcontenttask-vsgraphics.948.write.2.tlog
c:\users\david_000\downloads\gea_rocket-master\gea_rocket-master\teamrocketgame\assets\debug\assets.tlog\meshcontenttask-vsgraphics.read.1.tlog
c:\users\david_000\downloads\gea_rocket-master\gea_rocket-master\teamrocketgame\assets\debug\assets.tlog\meshcontenttask-vsgraphics.read.2.tlog
c:\users\david_000\downloads\gea_rocket-master\gea_rocket-master\teamrocketgame\assets\debug\assets.tlog\meshcontenttask-vsgraphics.write.1.tlog
c:\users\david_000\downloads\gea_rocket-master\gea_rocket-master\teamrocketgame\assets\debug\assets.tlog\meshcontenttask-vsgraphics.write.2.tlog
