c:\users\david_000\downloads\gea_rocket-master\gea_rocket-master\teamrocketgame\game\debug\vc120.pdb
c:\users\david_000\downloads\gea_rocket-master\gea_rocket-master\teamrocketgame\game\debug\vc120.idb
c:\users\david_000\downloads\gea_rocket-master\gea_rocket-master\teamrocketgame\game\debug\vbgo.obj
c:\users\david_000\downloads\gea_rocket-master\gea_rocket-master\teamrocketgame\game\debug\vbcube.obj
c:\users\david_000\downloads\gea_rocket-master\gea_rocket-master\teamrocketgame\game\debug\tutorial01.obj
c:\users\david_000\downloads\gea_rocket-master\gea_rocket-master\teamrocketgame\game\debug\turret_base.obj
c:\users\david_000\downloads\gea_rocket-master\gea_rocket-master\teamrocketgame\game\debug\tpscamera.obj
c:\users\david_000\downloads\gea_rocket-master\gea_rocket-master\teamrocketgame\game\debug\terrain.obj
c:\users\david_000\downloads\gea_rocket-master\gea_rocket-master\teamrocketgame\game\debug\snail.obj
c:\users\david_000\downloads\gea_rocket-master\gea_rocket-master\teamrocketgame\game\debug\maploader.obj
c:\users\david_000\downloads\gea_rocket-master\gea_rocket-master\teamrocketgame\game\debug\light.obj
c:\users\david_000\downloads\gea_rocket-master\gea_rocket-master\teamrocketgame\game\debug\gameobject2d.obj
c:\users\david_000\downloads\gea_rocket-master\gea_rocket-master\teamrocketgame\game\debug\gameobject.obj
c:\users\david_000\downloads\gea_rocket-master\gea_rocket-master\teamrocketgame\game\debug\game.obj
c:\users\david_000\downloads\gea_rocket-master\gea_rocket-master\teamrocketgame\game\debug\filevbgo.obj
c:\users\david_000\downloads\gea_rocket-master\gea_rocket-master\teamrocketgame\game\debug\sprite.obj
c:\users\david_000\downloads\gea_rocket-master\gea_rocket-master\teamrocketgame\game\debug\projectile.obj
c:\users\david_000\downloads\gea_rocket-master\gea_rocket-master\teamrocketgame\game\debug\cmogo.obj
c:\users\david_000\downloads\gea_rocket-master\gea_rocket-master\teamrocketgame\game\debug\camera.obj
c:\users\david_000\downloads\gea_rocket-master\gea_rocket-master\teamrocketgame\game\debug\player.obj
c:\users\david_000\downloads\gea_rocket-master\gea_rocket-master\teamrocketgame\debug\game.ilk
c:\users\david_000\downloads\gea_rocket-master\gea_rocket-master\teamrocketgame\debug\game.exe
c:\users\david_000\downloads\gea_rocket-master\gea_rocket-master\teamrocketgame\debug\game.pdb
c:\users\david_000\downloads\gea_rocket-master\gea_rocket-master\teamrocketgame\game\debug\tutorial01.res
c:\users\david_000\downloads\gea_rocket-master\gea_rocket-master\teamrocketgame\game\debug\game.tlog\cl.command.1.tlog
c:\users\david_000\downloads\gea_rocket-master\gea_rocket-master\teamrocketgame\game\debug\game.tlog\cl.read.1.tlog
c:\users\david_000\downloads\gea_rocket-master\gea_rocket-master\teamrocketgame\game\debug\game.tlog\cl.write.1.tlog
c:\users\david_000\downloads\gea_rocket-master\gea_rocket-master\teamrocketgame\game\debug\game.tlog\link.command.1.tlog
c:\users\david_000\downloads\gea_rocket-master\gea_rocket-master\teamrocketgame\game\debug\game.tlog\link.read.1.tlog
c:\users\david_000\downloads\gea_rocket-master\gea_rocket-master\teamrocketgame\game\debug\game.tlog\link.write.1.tlog
c:\users\david_000\downloads\gea_rocket-master\gea_rocket-master\teamrocketgame\game\debug\game.tlog\rc.command.1.tlog
c:\users\david_000\downloads\gea_rocket-master\gea_rocket-master\teamrocketgame\game\debug\game.tlog\rc.read.1.tlog
c:\users\david_000\downloads\gea_rocket-master\gea_rocket-master\teamrocketgame\game\debug\game.tlog\rc.write.1.tlog
